Starting ranking analysis...
Date : April 20, 2024
File : SS-A
ML algo: lasso
Repeats : 20
Seed : 31210
Rows : 10000
Columns : 8
Calculating Best and Tiny...
Best : 0.0
Tiny : 0.06
base bonr9 opt9 rand9 bonr15 opt15 rand15 bonr20 opt20 rand20 rrp rrpDT rand358
Ranking Report:
#
 0,              rand358,  0.00,  0.00, *                   |                   ,  0.00,  1.00
 0,                  rrp,  0.00,  0.00, *                   |                   ,  0.00,  1.00
 0,                rrpDT,  0.00,  0.00, *                   |                   ,  0.00,  1.00
 0,               opt 15,  0.00,  0.00, *                   |                   ,  0.00,  1.00
 0,               bonr15,  0.00,  0.00, *                   |                   ,  0.00,  1.00
 0,               rand20,  0.00,  0.00, *                   |                   ,  0.00,  1.00
 0,               opt 20,  0.00,  0.00, *                   |                   ,  0.00,  1.00
 0,               bonr20,  0.00,  0.00, *                   |                   ,  0.00,  1.00
 0,                bonr9,  0.00,  0.00, *                   |                   ,  0.00,  1.00
 0,               rand15,  0.00,  0.00, *                   |                   ,  0.00,  1.00
 0,                rand9,  0.00,  0.00, *                   |                   ,  0.00,  1.00
 0,                opt 9,  0.00,  0.00, *                   |                   ,  0.00,  1.00
#
 1,                 base,  0.20,  0.25,        -*--------   |                   ,  0.00,  1.00
Starting ranking analysis...
Date : April 20, 2024
File : SS-A
ML algo: random_forest
Repeats : 20
Seed : 31210
Rows : 10000
Columns : 7
Calculating Best and Tiny...
Best : 0.0
Tiny : 0.05
base bonr9 opt9 rand9 bonr15 opt15 rand15 bonr20 opt20 rand20 rrp rrpDT rand358
Ranking Report:
#
 0,              rand358,  0.00,  0.01, *                   |                   ,  0.00,  1.00
#
 1,                rrpDT,  0.02,  0.02, *                   |                   ,  0.00,  1.00
#
 2,                  rrp,  0.02,  0.04, *-                  |                   ,  0.00,  1.00
 2,               bonr20,  0.03,  0.02, -*                  |                   ,  0.00,  1.00
 2,               rand15,  0.04,  0.04, -*                  |                   ,  0.00,  1.00
#
 3,               opt 20,  0.04,  0.04, -*                  |                   ,  0.00,  1.00
 3,               bonr15,  0.04,  0.04, -*                  |                   ,  0.00,  1.00
#
 4,               rand20,  0.04,  0.03,  *                  |                   ,  0.00,  1.00
#
 5,               opt 15,  0.06,  0.02,  -*                 |                   ,  0.00,  1.00
#
 6,                rand9,  0.07,  0.03,  -*                 |                   ,  0.00,  1.00
 6,                bonr9,  0.07,  0.02,   *                 |                   ,  0.00,  1.00
 6,                opt 9,  0.08,  0.08,  --*                |                   ,  0.00,  1.00
#
 7,                 base,  0.23,  0.26,     -----*----      |                   ,  0.00,  1.00
Starting ranking analysis...
Date : April 20, 2024
File : SS-A
ML algo: ElasticNet
Repeats : 20
Seed : 31210
Rows : 10000
Columns : 8
Calculating Best and Tiny...
Best : 0.0
Tiny : 0.11
base bonr9 opt9 rand9 bonr15 opt15 rand15 bonr20 opt20 rand20 rrp rrpDT rand358
Ranking Report:
#
 0,                  rrp,  0.00,  0.00, *                   |                   ,  0.00,  1.00
 0,              rand358,  0.00,  0.00, *                   |                   ,  0.00,  1.00
 0,                rrpDT,  0.00,  0.00, *                   |                   ,  0.00,  1.00
 0,               bonr20,  0.00,  0.01, *                   |                   ,  0.00,  1.00
 0,               rand20,  0.00,  0.01, *                   |                   ,  0.00,  1.00
#
 1,               opt 15,  0.00,  0.02, *                   |                   ,  0.00,  1.00
 1,               opt 20,  0.01,  0.01, *                   |                   ,  0.00,  1.00
 1,               rand15,  0.01,  0.02, *                   |                   ,  0.00,  1.00
 1,                opt 9,  0.01,  0.02, *                   |                   ,  0.00,  1.00
 1,               bonr15,  0.01,  0.01, *                   |                   ,  0.00,  1.00
 1,                bonr9,  0.02,  0.02, *                   |                   ,  0.00,  1.00
#
 2,                rand9,  0.02,  0.03, *                   |                   ,  0.00,  1.00
#
 3,                 base,  0.57,  0.59,   ------------------|-*--               ,  0.00,  1.00
Starting ranking analysis...
Date : April 20, 2024
File : SS-A
ML algo: knn
Repeats : 20
Seed : 31210
Rows : 24000
Columns : 7
Calculating Best and Tiny...
Best : 0.0
Tiny : 0.07
base bonr9 opt9 rand9 bonr15 opt15 rand15 bonr20 opt20 rand20 rrp rrpDT rand358
Ranking Report:
#
 0,              rand358,  0.00,  0.02, *                   |                   ,  0.00,  1.00
#
 1,                  rrp,  0.02,  0.02, *                   |                   ,  0.00,  1.00
 1,               rand20,  0.03,  0.02, -*                  |                   ,  0.00,  1.00
 1,               bonr20,  0.03,  0.02, -*                  |                   ,  0.00,  1.00
#
 2,               bonr15,  0.04,  0.05, -*                  |                   ,  0.00,  1.00
 2,               rand15,  0.04,  0.05,  *                  |                   ,  0.00,  1.00
 2,               opt 20,  0.04,  0.05, -*                  |                   ,  0.00,  1.00
#
 3,               opt 15,  0.05,  0.04,  -*                 |                   ,  0.00,  1.00
 3,                rrpDT,  0.07,  0.05,  -*                 |                   ,  0.00,  1.00
#
 4,                bonr9,  0.07,  0.03,  -*                 |                   ,  0.00,  1.00
 4,                rand9,  0.07,  0.04,  -*                 |                   ,  0.00,  1.00
 4,                opt 9,  0.07,  0.04,   *-                |                   ,  0.00,  1.00
#
 5,                 base,  0.21,  0.22,      ---*----       |                   ,  0.00,  1.00
Starting ranking analysis...
Date : April 20, 2024
File : SS-A
ML algo: decision tree
Repeats : 20
Seed : 31210
Rows : 10000
Columns : 8
Calculating Best and Tiny...
Best : 0.0
Tiny : 0.11
base bonr9 opt9 rand9 bonr15 opt15 rand15 bonr20 opt20 rand20 rrp rrpDT rand358
Ranking Report:
#
 0,              rand358,  0.00,  0.00, *                   |                   ,  0.00,  1.00
#
 1,                  rrp,  0.00,  0.01, *                   |                   ,  0.00,  1.00
 1,                rrpDT,  0.01,  0.02, *                   |                   ,  0.00,  1.00
 1,               opt 15,  0.01,  0.01, *                   |                   ,  0.00,  1.00
#
 2,               rand20,  0.01,  0.01, *                   |                   ,  0.00,  1.00
 2,               rand15,  0.01,  0.02, *                   |                   ,  0.00,  1.00
 2,               opt 20,  0.01,  0.01, *                   |                   ,  0.00,  1.00
 2,               bonr15,  0.01,  0.05, *-                  |                   ,  0.00,  1.00
 2,               bonr20,  0.02,  0.03, *                   |                   ,  0.00,  1.00
#
 3,                opt 9,  0.02,  0.02, *                   |                   ,  0.00,  1.00
 3,                rand9,  0.03,  0.02, -*                  |                   ,  0.00,  1.00
 3,                bonr9,  0.03,  0.03, -*                  |                   ,  0.00,  1.00
#
 4,                 base,  0.10,  0.51,   -*----------------|-                  ,  0.00,  1.00
Starting ranking analysis...
Date : April 20, 2024
File : Wine_quality
ML algo: lasso
Repeats : 20
Seed : 31210
Rows : 10000
Columns : 8
Calculating Best and Tiny...
Best : 0.0
Tiny : 0.14
base bonr9 opt9 rand9 bonr15 opt15 rand15 bonr20 opt20 rand20 rrp rrpDT rand358
Ranking Report:
#
 0,              rand358,  0.00,  0.00, *                   |                   ,  0.00,  1.00
#
 1,               rand20,  0.01,  0.00, *                   |                   ,  0.00,  1.00
 1,                  rrp,  0.01,  0.01, *                   |                   ,  0.00,  1.00
#
 2,                bonr9,  0.01,  0.00, *                   |                   ,  0.00,  1.00
 2,                rand9,  0.01,  0.00, *                   |                   ,  0.00,  1.00
 2,               bonr15,  0.01,  0.01, *                   |                   ,  0.00,  1.00
 2,               rand15,  0.01,  0.00, *                   |                   ,  0.00,  1.00
 2,               bonr20,  0.01,  0.00, *                   |                   ,  0.00,  1.00
 2,                rrpDT,  0.01,  0.01, *                   |                   ,  0.00,  1.00
#
 3,                opt 9,  0.01,  0.00, *                   |                   ,  0.00,  1.00
#
 4,               opt 15,  0.01,  0.01, *                   |                   ,  0.00,  1.00
 4,               opt 20,  0.01,  0.00, *                   |                   ,  0.00,  1.00
#
 5,                 base,  0.05,  0.87, --*-----------------|-------------      ,  0.00,  1.00
Starting ranking analysis...
Date : April 20, 2024
File : Wine_quality
ML algo: random_forest
Repeats : 20
Seed : 31210
Rows : 10000
Columns : 7
Calculating Best and Tiny...
Best : 0.0
Tiny : 0.04
base bonr9 opt9 rand9 bonr15 opt15 rand15 bonr20 opt20 rand20 rrp rrpDT rand358
Ranking Report:
#
 0,              rand358,  0.11,  0.10,  ---*               |                   ,  0.00,  1.00
 0,                  rrp,  0.14,  0.08,    --*              |                   ,  0.00,  1.00
#
 1,                rrpDT,  0.19,  0.18,    ----*---         |                   ,  0.00,  1.00
#
 2,               bonr15,  0.24,  0.15,        --*---       |                   ,  0.00,  1.00
#
 3,               rand15,  0.25,  0.15,        --*---       |                   ,  0.00,  1.00
 3,               bonr20,  0.25,  0.10,          *---       |                   ,  0.00,  1.00
 3,               rand20,  0.26,  0.10,        ---*         |                   ,  0.00,  1.00
 3,               opt 15,  0.28,  0.11,         ---*        |                   ,  0.00,  1.00
 3,               opt 20,  0.29,  0.12,        ----*        |                   ,  0.00,  1.00
#
 4,                rand9,  0.33,  0.08,            --*      |                   ,  0.00,  1.00
 4,                opt 9,  0.35,  0.13,           ---*-     |                   ,  0.00,  1.00
 4,                bonr9,  0.36,  0.13,            ---*--   |                   ,  0.00,  1.00
#
 5,                 base,  0.52,  0.13,                  ---*-                  ,  0.00,  1.00
Starting ranking analysis...
Date : April 20, 2024
File : Wine_quality
ML algo: ElasticNet
Repeats : 20
Seed : 31210
Rows : 10000
Columns : 8
Calculating Best and Tiny...
Best : 0.0
Tiny : 0.1
base bonr9 opt9 rand9 bonr15 opt15 rand15 bonr20 opt20 rand20 rrp rrpDT rand358
Ranking Report: 
#
 0,                  rrp,  0.00,  0.01, *                   |                   ,  0.00,  1.00
 0,              rand358,  0.00,  0.01, *                   |                   ,  0.00,  1.00
#
 1,                rrpDT,  0.02,  0.01, *                   |                   ,  0.00,  1.00
#
 2,               rand20,  0.02,  0.01, *                   |                   ,  0.00,  1.00
 2,               bonr20,  0.02,  0.01, *                   |                   ,  0.00,  1.00
#
 3,                rand9,  0.02,  0.01, *                   |                   ,  0.00,  1.00
 3,               opt 20,  0.02,  0.01, *                   |                   ,  0.00,  1.00
 3,                bonr9,  0.02,  0.02, *                   |                   ,  0.00,  1.00
 3,               rand15,  0.03,  0.01, -*                  |                   ,  0.00,  1.00
 3,               bonr15,  0.03,  0.01, -*                  |                   ,  0.00,  1.00
 3,               opt 15,  0.03,  0.01, -*                  |                   ,  0.00,  1.00
 3,                opt 9,  0.03,  0.01,  *                  |                   ,  0.00,  1.00
#
 4,                 base,  0.06,  0.50,  -*-----------------|                   ,  0.00,  1.00
Starting ranking analysis...
Date : April 20, 2024
File : Wine_quality
ML algo: knn
Repeats : 20
Seed : 31210
Rows : 24000
Columns : 7
Calculating Best and Tiny...
Best : 0.0
Tiny : 0.13
base bonr9 opt9 rand9 bonr15 opt15 rand15 bonr20 opt20 rand20 rrp rrpDT rand358
Ranking Report:
#
 0,               rand15,  0.00,  0.07, *-                  |                   ,  0.00,  1.00
 0,                  rrp,  0.00,  0.00, *                   |                   ,  0.00,  1.00
 0,                rrpDT,  0.00,  0.00, *                   |                   ,  0.00,  1.00
 0,              rand358,  0.00,  0.00, *                   |                   ,  0.00,  1.00
 0,               bonr15,  0.01,  0.02, *                   |                   ,  0.00,  1.00
 0,               bonr20,  0.01,  0.03, *                   |                   ,  0.00,  1.00
 0,               rand20,  0.01,  0.01, *                   |                   ,  0.00,  1.00
 0,                opt 9,  0.01,  0.07, *-                  |                   ,  0.00,  1.00
 0,               opt 20,  0.01,  0.01, *                   |                   ,  0.00,  1.00
 0,                rand9,  0.03,  0.05, -*                  |                   ,  0.00,  1.00
 0,               opt 15,  0.03,  0.04, -*                  |                   ,  0.00,  1.00
 0,                bonr9,  0.05,  0.09, --*-                |                   ,  0.00,  1.00
#
 1,                 base,  0.81,  0.75,       --------------|-----------*---    ,  0.00,  1.00
Starting ranking analysis...
Date : April 20, 2024
File : Wine_quality
ML algo: decision tree
Repeats : 20
Seed : 31210
Rows : 10000
Columns : 8
Calculating Best and Tiny...
Best : 0.0
Tiny : 0.06
base bonr9 opt9 rand9 bonr15 opt15 rand15 bonr20 opt20 rand20 rrp rrpDT rand358
Ranking Report:
#
 0,              rand358,  0.14,  0.11,   ---*-             |                   ,  0.00,  1.00
#
 1,                  rrp,  0.27,  0.20,       ----*---      |                   ,  0.00,  1.00
 1,                rrpDT,  0.28,  0.29,      ------*-----   |                   ,  0.00,  1.00
#
 2,               bonr15,  0.35,  0.38,            ---*-----|-----              ,  0.00,  1.00
 2,               rand20,  0.36,  0.41,           ----*-----|-----              ,  0.00,  1.00
 2,               bonr20,  0.36,  0.44,            ---*-----|--------           ,  0.00,  1.00
 2,               opt 20,  0.42,  0.40,              ---*---|--------           ,  0.00,  1.00
 2,               opt 15,  0.43,  0.38,               ---*--|--------           ,  0.00,  1.00
 2,                opt 9,  0.46,  0.37,               ----*-|--------           ,  0.00,  1.00
 2,               rand15,  0.46,  0.38,              -----*-|--------           ,  0.00,  1.00
#
 3,                bonr9,  0.73,  0.49,                    -|--------*--------- ,  0.00,  1.00
 3,                rand9,  0.73,  0.63,               ------|--------*--------- ,  0.00,  1.00
#
 4,                 base,  1.00,  0.02,                     |                  *,  0.00,  1.00
Starting ranking analysis...
Date : April 20, 2024
File : pom3a
ML algo: lasso
Repeats : 20
Seed : 31210
Rows : 10000
Columns : 8
Calculating Best and Tiny...
Best : 0.0
Tiny : 0.18
base bonr9 opt9 rand9 bonr15 opt15 rand15 bonr20 opt20 rand20 rrp rrpDT rand358
Ranking Report:
#
 0,                bonr9,  0.00,  0.00, *                   |                   ,  0.00,  1.00
#
 1,                rand9,  0.00,  0.00, *                   |                   ,  0.00,  1.00
 1,               bonr15,  0.00,  0.00, *                   |                   ,  0.00,  1.00
 1,               rand15,  0.00,  0.00, *                   |                   ,  0.00,  1.00
 1,               bonr20,  0.00,  0.00, *                   |                   ,  0.00,  1.00
 1,               rand20,  0.00,  0.00, *                   |                   ,  0.00,  1.00
 1,                  rrp,  0.00,  0.00, *                   |                   ,  0.00,  1.00
 1,                rrpDT,  0.00,  0.00, *                   |                   ,  0.00,  1.00
 1,              rand358,  0.00,  0.00, *                   |                   ,  0.00,  1.00
 1,                 base,  0.00,  1.00, *-------------------|-------------------,  0.00,  1.00
 1,                opt 9,  0.00,  0.00, *                   |                   ,  0.00,  1.00
 1,               opt 15,  0.00,  0.00, *                   |                   ,  0.00,  1.00
 1,               opt 20,  0.00,  0.00, *                   |                   ,  0.00,  1.00
Starting ranking analysis...
Date : April 20, 2024
File : pom3a
ML algo: random_forest
Repeats : 20
Seed : 31210
Rows : 10000
Columns : 7
Calculating Best and Tiny...
Best : 0.0
Tiny : 0.06
base bonr9 opt9 rand9 bonr15 opt15 rand15 bonr20 opt20 rand20 rrp rrpDT rand358
Ranking Report:
#
 0,                  rrp,  0.03,  0.04, -*                  |                   ,  0.00,  1.00
 0,              rand358,  0.03,  0.02, -*                  |                   ,  0.00,  1.00
#
 1,                rrpDT,  0.06,  0.04,  -*                 |                   ,  0.00,  1.00
 1,               rand20,  0.08,  0.04,   -*                |                   ,  0.00,  1.00
#
 2,                rand9,  0.12,  0.08,   --*               |                   ,  0.00,  1.00
#
 3,               opt 20,  0.12,  0.09,   --*-              |                   ,  0.00,  1.00
 3,               rand15,  0.12,  0.07,    -*-              |                   ,  0.00,  1.00
 3,               bonr20,  0.12,  0.07,     *-              |                   ,  0.00,  1.00
 3,               opt 15,  0.14,  0.09,    --*-             |                   ,  0.00,  1.00
#
 4,                opt 9,  0.15,  0.13,    --*---           |                   ,  0.00,  1.00
 4,                bonr9,  0.17,  0.08,      -*-            |                   ,  0.00,  1.00
 4,               bonr15,  0.18,  0.16,      --*---         |                   ,  0.00,  1.00
#
 5,                 base,  0.45,  0.24,            ------*--|                   ,  0.00,  1.00
Starting ranking analysis...
Date : April 20, 2024
File : pom3a
ML algo: ElasticNet
Repeats : 20
Seed : 31210
Rows : 10000
Columns : 8
Calculating Best and Tiny...
Best : 0.0
Tiny : 0.14
base bonr9 opt9 rand9 bonr15 opt15 rand15 bonr20 opt20 rand20 rrp rrpDT rand358
Ranking Report:
#
 0,              rand358,  0.01,  0.09, *--                 |                   ,  0.00,  1.00
#
 1,                  rrp,  0.16,  0.11,   ----*             |                   ,  0.00,  1.00
#
 2,                rrpDT,  0.16,  0.04,     --*             |                   ,  0.00,  1.00
#
 3,                bonr9,  0.17,  0.00,       *             |                   ,  0.00,  1.00
#
 4,                rand9,  0.17,  0.00,       *             |                   ,  0.00,  1.00
#
 5,               bonr15,  0.17,  0.01,       *             |                   ,  0.00,  1.00
#
 6,               rand15,  0.17,  0.00,       *             |                   ,  0.00,  1.00
#
 7,               bonr20,  0.17,  0.03,      -*             |                   ,  0.00,  1.00
#
 8,               rand20,  0.17,  0.02,      -*             |                   ,  0.00,  1.00
#
 9,                 base,  0.17,  0.83,       *-------------|-------------------,  0.00,  1.00
#
10,                opt 9,  0.17,  0.00,       *             |                   ,  0.00,  1.00
#
11,               opt 15,  0.17,  0.01,       *             |                   ,  0.00,  1.00
11,               opt 20,  0.17,  0.01,       *             |                   ,  0.00,  1.00
Starting ranking analysis...
Date : April 20, 2024
File : pom3a
ML algo: knn
Repeats : 20
Seed : 31210
Rows : 24000
Columns : 7
Calculating Best and Tiny...
Best : 0.0
Tiny : 0.09
base bonr9 opt9 rand9 bonr15 opt15 rand15 bonr20 opt20 rand20 rrp rrpDT rand358
Ranking Report:
#
 0,              rand358,  0.00,  0.00, *                   |                   ,  0.00,  1.00
#
 1,               bonr20,  0.01,  0.03, *                   |                   ,  0.00,  1.00
 1,               rand20,  0.01,  0.02, *                   |                   ,  0.00,  1.00
 1,               opt 20,  0.01,  0.03, *                   |                   ,  0.00,  1.00
#
 2,               bonr15,  0.02,  0.03, *                   |                   ,  0.00,  1.00
 2,                  rrp,  0.02,  0.04, *                   |                   ,  0.00,  1.00
 2,               opt 15,  0.02,  0.02, *                   |                   ,  0.00,  1.00
 2,                bonr9,  0.03,  0.06, -*                  |                   ,  0.00,  1.00
 2,                rand9,  0.03,  0.03, -*                  |                   ,  0.00,  1.00
 2,               rand15,  0.03,  0.03, -*                  |                   ,  0.00,  1.00
 2,                rrpDT,  0.03,  0.04, -*                  |                   ,  0.00,  1.00
#
 3,                opt 9,  0.04,  0.03,  *                  |                   ,  0.00,  1.00
#
 4,                 base,  0.09,  0.10,   -*--              |                   ,  0.00,  1.00
Starting ranking analysis...
Date : April 20, 2024
File : pom3a
ML algo: decision tree
Repeats : 20
Seed : 31210
Rows : 10000
Columns : 8
Calculating Best and Tiny...
Best : 0.0
Tiny : 0.04
base bonr9 opt9 rand9 bonr15 opt15 rand15 bonr20 opt20 rand20 rrp rrpDT rand358
Ranking Report:
#
 0,              rand358,  0.08,  0.08, ---*                |                   ,  0.00,  1.00
#
 1,                  rrp,  0.17,  0.11,    ---*             |                   ,  0.00,  1.00
#
 2,               opt 20,  0.23,  0.15,        --*---       |                   ,  0.00,  1.00
#
 3,               bonr20,  0.28,  0.29,        ----*------  |                   ,  0.00,  1.00
 3,               opt 15,  0.31,  0.28,        -----*------ |                   ,  0.00,  1.00
 3,                rrpDT,  0.31,  0.29,          ---*-------|                   ,  0.00,  1.00
#
 4,               rand20,  0.32,  0.29,        -----*------ |                   ,  0.00,  1.00
 4,               bonr15,  0.36,  0.49,         ------*-----|------             ,  0.00,  1.00
 4,               rand15,  0.47,  0.39,            -------*-|------             ,  0.00,  1.00
#
 5,                opt 9,  0.50,  0.39,            --------*|------             ,  0.00,  1.00
 5,                bonr9,  0.69,  0.21,                    -|------*            ,  0.00,  1.00
 5,                rand9,  0.69,  0.38,             --------|------*            ,  0.00,  1.00
#
 6,                 base,  0.70,  0.01,                     |      -*           ,  0.00,  1.00
Starting ranking analysis...
Date : April 20, 2024
File : pom3c
ML algo: lasso
Repeats : 20
Seed : 31210
Rows : 10000
Columns : 8
Calculating Best and Tiny...
Best : 0.0
Tiny : 0.18
base bonr9 opt9 rand9 bonr15 opt15 rand15 bonr20 opt20 rand20 rrp rrpDT rand358
Ranking Report:
#
 0,                bonr9,  0.00,  0.00, *                   |                   ,  0.00,  1.00
 0,                rand9,  0.00,  0.00, *                   |                   ,  0.00,  1.00
 0,               bonr15,  0.00,  0.00, *                   |                   ,  0.00,  1.00
 0,               rand15,  0.00,  0.00, *                   |                   ,  0.00,  1.00
 0,               bonr20,  0.00,  0.00, *                   |                   ,  0.00,  1.00
 0,               rand20,  0.00,  0.00, *                   |                   ,  0.00,  1.00
 0,                  rrp,  0.00,  0.00, *                   |                   ,  0.00,  1.00
 0,                rrpDT,  0.00,  0.00, *                   |                   ,  0.00,  1.00
 0,              rand358,  0.00,  0.00, *                   |                   ,  0.00,  1.00
 0,                opt 9,  0.00,  0.00, *                   |                   ,  0.00,  1.00
#
 1,               opt 15,  0.00,  0.00, *                   |                   ,  0.00,  1.00
 1,               opt 20,  0.00,  0.00, *                   |                   ,  0.00,  1.00
#
 2,                 base,  1.00,  1.00, --------------------|------------------*,  0.00,  1.00
Starting ranking analysis...
Date : April 20, 2024
File : pom3c
ML algo: random_forest
Repeats : 20
Seed : 31210
Rows : 10000
Columns : 7
Calculating Best and Tiny...
Best : 0.0
Tiny : 0.05
base bonr9 opt9 rand9 bonr15 opt15 rand15 bonr20 opt20 rand20 rrp rrpDT rand358
Ranking Report:
#
 0,              rand358,  0.04,  0.03, -*                  |                   ,  0.00,  1.00
 0,                  rrp,  0.05,  0.05, -*                  |                   ,  0.00,  1.00
#
 1,                rrpDT,  0.05,  0.05,  -*                 |                   ,  0.00,  1.00
#
 2,               bonr20,  0.08,  0.03,   -*                |                   ,  0.00,  1.00
 2,               bonr15,  0.10,  0.04,    *                |                   ,  0.00,  1.00
#
 3,               rand20,  0.10,  0.03,    -*               |                   ,  0.00,  1.00
 3,               opt 15,  0.11,  0.04,     *               |                   ,  0.00,  1.00
 3,               opt 20,  0.11,  0.02,    -*               |                   ,  0.00,  1.00
 3,               rand15,  0.11,  0.02,     *               |                   ,  0.00,  1.00
 3,                bonr9,  0.11,  0.04,    -*               |                   ,  0.00,  1.00
#
 4,                rand9,  0.12,  0.06,    -*               |                   ,  0.00,  1.00
 4,                opt 9,  0.14,  0.04,     -*              |                   ,  0.00,  1.00
#
 5,                 base,  0.28,  0.23,       -----*----    |                   ,  0.00,  1.00
Starting ranking analysis...
Date : April 20, 2024
File : pom3c
ML algo: ElasticNet
Repeats : 20
Seed : 31210
Rows : 10000
Columns : 8
Calculating Best and Tiny...
Best : 0.0
Tiny : 0.16
base bonr9 opt9 rand9 bonr15 opt15 rand15 bonr20 opt20 rand20 rrp rrpDT rand358
Ranking Report:
#
 0,              rand358,  0.04,  0.02, -*                  |                   ,  0.00,  1.00
#
 1,                  rrp,  0.06,  0.03,  -*                 |                   ,  0.00,  1.00
#
 2,                rrpDT,  0.07,  0.02,   *                 |                   ,  0.00,  1.00
 2,                bonr9,  0.07,  0.00,   *                 |                   ,  0.00,  1.00
 2,                rand9,  0.07,  0.00,   *                 |                   ,  0.00,  1.00
 2,               bonr15,  0.07,  0.00,   *                 |                   ,  0.00,  1.00
 2,               rand15,  0.07,  0.00,   *                 |                   ,  0.00,  1.00
 2,               bonr20,  0.07,  0.00,   *                 |                   ,  0.00,  1.00
 2,               rand20,  0.07,  0.01,   *                 |                   ,  0.00,  1.00
 2,                opt 9,  0.07,  0.00,   *                 |                   ,  0.00,  1.00
 2,               opt 15,  0.07,  0.00,   *                 |                   ,  0.00,  1.00
 2,               opt 20,  0.07,  0.00,   *                 |                   ,  0.00,  1.00
#
 3,                 base,  0.15,  0.93,   ---*--------------|-------------------,  0.00,  1.00
Starting ranking analysis...
Date : April 20, 2024
File : pom3c
ML algo: knn
Repeats : 20
Seed : 31210
Rows : 24000
Columns : 7
Calculating Best and Tiny...
Best : 0.0
Tiny : 0.09
base bonr9 opt9 rand9 bonr15 opt15 rand15 bonr20 opt20 rand20 rrp rrpDT rand358
Ranking Report:
#
 0,                  rrp,  0.00,  0.03, *                   |                   ,  0.00,  1.00
#
 1,              rand358,  0.00,  0.00, *                   |                   ,  0.00,  1.00
#
 2,               rand20,  0.03,  0.04, -*                  |                   ,  0.00,  1.00
 2,               opt 20,  0.03,  0.04, -*                  |                   ,  0.00,  1.00
 2,               bonr15,  0.04,  0.07, -*                  |                   ,  0.00,  1.00
#
 3,               rand15,  0.04,  0.05,  *-                 |                   ,  0.00,  1.00
 3,               bonr20,  0.04,  0.03,  *                  |                   ,  0.00,  1.00
 3,               opt 15,  0.04,  0.05,  *-                 |                   ,  0.00,  1.00
 3,                rand9,  0.06,  0.06,  -*                 |                   ,  0.00,  1.00
 3,                rrpDT,  0.07,  0.05,  -*                 |                   ,  0.00,  1.00
#
 4,                bonr9,  0.08,  0.08,  --*                |                   ,  0.00,  1.00
 4,                opt 9,  0.09,  0.07,  --*                |                   ,  0.00,  1.00
#
 5,                 base,  0.23,  0.37,     -----*--------- |                   ,  0.00,  1.00
Starting ranking analysis...
Date : April 20, 2024
File : pom3c
ML algo: decision tree
Repeats : 20
Seed : 31210
Rows : 10000
Columns : 8
Calculating Best and Tiny...
Best : 0.0
Tiny : 0.06
base bonr9 opt9 rand9 bonr15 opt15 rand15 bonr20 opt20 rand20 rrp rrpDT rand358
Ranking Report:
#
 0,              rand358,  0.04,  0.05,  *-                 |                   ,  0.00,  1.00
 0,                  rrp,  0.05,  0.11, -*--                |                   ,  0.00,  1.00
#
 1,               bonr20,  0.22,  0.82,    -----*-----------|---------------    ,  0.00,  1.00
 1,                rrpDT,  0.22,  0.73,        -*-----------|---------------    ,  0.00,  1.00
#
 2,               rand15,  0.27,  0.75,       ----*---------|---------------    ,  0.00,  1.00
 2,               opt 15,  0.28,  0.69,         ---*--------|---------------    ,  0.00,  1.00
 2,               rand20,  0.30,  0.74,        ----*--------|---------------    ,  0.00,  1.00
 2,               bonr15,  0.30,  0.43,      -------*-------|-                  ,  0.00,  1.00
#
 3,               opt 20,  0.30,  0.66,          ---*-------|--------------     ,  0.00,  1.00
 3,                bonr9,  0.86,  0.69,         ------------|-------------*-    ,  0.00,  1.00
 3,                rand9,  0.91,  0.67,          -----------|---------------*   ,  0.00,  1.00
#
 4,                 base,  0.91,  0.00,                     |               *   ,  0.00,  1.00
#
 5,                opt 9,  0.91,  0.64,            ---------|---------------*   ,  0.00,  1.00
Starting ranking analysis...
Date : April 20, 2024
File : dtlz2
ML algo: lasso
Repeats : 20
Seed : 31210
Rows : 10000
Columns : 8
Calculating Best and Tiny...
Best : 0.0
Tiny : 0.18
base bonr9 opt9 rand9 bonr15 opt15 rand15 bonr20 opt20 rand20 rrp rrpDT rand358
Ranking Report:
#
 0,                bonr9,  0.00,  0.00, *                   |                   ,  0.00,  1.00
#
 1,                rand9,  0.00,  0.00, *                   |                   ,  0.00,  1.00
#
 2,               bonr15,  0.00,  0.00, *                   |                   ,  0.00,  1.00
#
 3,               rand15,  0.00,  0.00, *                   |                   ,  0.00,  1.00
#
 4,               bonr20,  0.00,  0.00, *                   |                   ,  0.00,  1.00
#
 5,               rand20,  0.00,  0.00, *                   |                   ,  0.00,  1.00
#
 6,                  rrp,  0.00,  0.00, *                   |                   ,  0.00,  1.00
#
 7,                rrpDT,  0.00,  0.00, *                   |                   ,  0.00,  1.00
#
 8,              rand358,  0.00,  0.00, *                   |                   ,  0.00,  1.00
#
 9,                 base,  0.00,  1.00, *-------------------|-------------------,  0.00,  1.00
#
10,                opt 9,  0.00,  0.00, *                   |                   ,  0.00,  1.00
10,               opt 15,  0.00,  0.00, *                   |                   ,  0.00,  1.00
10,               opt 20,  0.00,  0.00, *                   |                   ,  0.00,  1.00
Starting ranking analysis...
Date : April 20, 2024
File : dtlz2
ML algo: random_forest
Repeats : 20
Seed : 31210
Rows : 10000
Columns : 7
Calculating Best and Tiny...
Best : 0.0
Tiny : 0.05
base bonr9 opt9 rand9 bonr15 opt15 rand15 bonr20 opt20 rand20 rrp rrpDT rand358
Ranking Report:
#
 0,              rand358,  0.01,  0.01, *                   |                   ,  0.00,  1.00
#
 1,               rand20,  0.05,  0.06,  -*                 |                   ,  0.00,  1.00
 1,               opt 20,  0.07,  0.05,  -*                 |                   ,  0.00,  1.00
#
 2,               bonr20,  0.07,  0.06,  -*                 |                   ,  0.00,  1.00
 2,                  rrp,  0.07,  0.08, --*                 |                   ,  0.00,  1.00
 2,                rrpDT,  0.07,  0.07,  -*                 |                   ,  0.00,  1.00
 2,               opt 15,  0.09,  0.03,   -*                |                   ,  0.00,  1.00
#
 3,               rand15,  0.09,  0.07,  --*                |                   ,  0.00,  1.00
 3,               bonr15,  0.10,  0.07,    *-               |                   ,  0.00,  1.00
 3,                rand9,  0.10,  0.07,   --*               |                   ,  0.00,  1.00
#
 4,                opt 9,  0.12,  0.04,    -*               |                   ,  0.00,  1.00
 4,                bonr9,  0.12,  0.07,    -*-              |                   ,  0.00,  1.00
#
 5,                 base,  0.26,  0.22,       ----*----     |                   ,  0.00,  1.00
Starting ranking analysis...
Date : April 20, 2024
File : dtlz2
ML algo: ElasticNet
Repeats : 20
Seed : 31210
Rows : 10000
Columns : 8
Calculating Best and Tiny...
Best : 0.0
Tiny : 0.12
base bonr9 opt9 rand9 bonr15 opt15 rand15 bonr20 opt20 rand20 rrp rrpDT rand358
Ranking Report:
#
 0,              rand358,  0.07,  0.05,  -*                 |                   ,  0.00,  1.00
#
 1,                  rrp,  0.08,  0.27, ---*-------         |                   ,  0.00,  1.00
#
 2,               opt 20,  0.27,  0.08,         --*         |                   ,  0.00,  1.00
#
 3,               rand20,  0.28,  0.16,      ------*        |                   ,  0.00,  1.00
 3,                rrpDT,  0.28,  0.06,          --*        |                   ,  0.00,  1.00
 3,               opt 15,  0.29,  0.05,          --*        |                   ,  0.00,  1.00
 3,               bonr15,  0.29,  0.04,           -*        |                   ,  0.00,  1.00
#
 4,                bonr9,  0.29,  0.00,            *        |                   ,  0.00,  1.00
#
 5,                rand9,  0.29,  0.00,            *        |                   ,  0.00,  1.00
#
 6,               rand15,  0.29,  0.01,            *        |                   ,  0.00,  1.00
#
 7,               bonr20,  0.29,  0.01,            *        |                   ,  0.00,  1.00
#
 8,                 base,  0.29,  0.71,            *--------|-------------------,  0.00,  1.00
#
 9,                opt 9,  0.29,  0.00,            *        |                   ,  0.00,  1.00
Starting ranking analysis...
Date : April 21, 2024
File : dtlz2
ML algo: knn
Repeats : 20
Seed : 31210
Rows : 24000
Columns : 7
Calculating Best and Tiny...
Best : 0.0
Tiny : 0.1
base bonr9 opt9 rand9 bonr15 opt15 rand15 bonr20 opt20 rand20 rrp rrpDT rand358
Ranking Report:
#
 0,              rand358,  0.00,  0.00, *                   |                   ,  0.00,  1.00
#
 1,               bonr15,  0.02,  0.03, *                   |                   ,  0.00,  1.00
 1,               rand20,  0.02,  0.02, *                   |                   ,  0.00,  1.00
 1,               opt 20,  0.02,  0.02, *                   |                   ,  0.00,  1.00
#
 2,                rand9,  0.02,  0.02, *                   |                   ,  0.00,  1.00
 2,               rand15,  0.02,  0.01, *                   |                   ,  0.00,  1.00
 2,               bonr20,  0.02,  0.02, *                   |                   ,  0.00,  1.00
 2,                  rrp,  0.02,  0.02, *                   |                   ,  0.00,  1.00
 2,               opt 15,  0.02,  0.03, *                   |                   ,  0.00,  1.00
 2,                bonr9,  0.03,  0.01, -*                  |                   ,  0.00,  1.00
#
 3,                rrpDT,  0.03,  0.02, -*                  |                   ,  0.00,  1.00
 3,                opt 9,  0.04,  0.01, -*                  |                   ,  0.00,  1.00
#
 4,                 base,  0.08,  0.24,  --*-------         |                   ,  0.00,  1.00
Starting ranking analysis...
Date : April 21, 2024
File : dtlz2
ML algo: decision tree
Repeats : 20
Seed : 31210
Rows : 10000
Columns : 8
Calculating Best and Tiny...
Best : 0.0
Tiny : 0.07
base bonr9 opt9 rand9 bonr15 opt15 rand15 bonr20 opt20 rand20 rrp rrpDT rand358
Ranking Report:
#
 0,              rand358,  0.02,  0.01, *                   |                   ,  0.00,  1.00
#
 1,                rrpDT,  0.04,  0.17, -*-----             |                   ,  0.00,  1.00
 1,                  rrp,  0.10,  0.34,  --*-----------     |                   ,  0.00,  1.00
 1,               rand20,  0.17,  0.76,   ----*-------------|-----------        ,  0.00,  1.00
#
 2,               bonr20,  0.19,  0.58,  ------*------------|---                ,  0.00,  1.00
 2,               bonr15,  0.29,  0.52,     -------*--------|---                ,  0.00,  1.00
 2,               opt 20,  0.49,  0.87,      --------------*|------------------ ,  0.00,  1.00
 2,               opt 15,  0.58,  0.94,   ------------------|--*--------------- ,  0.00,  1.00
#
 3,                rand9,  0.63,  0.55,                  ---|----*------------- ,  0.00,  1.00
 3,                bonr9,  0.82,  0.70,            ---------|-----------*------ ,  0.00,  1.00
 3,                opt 9,  0.85,  0.37,                     |   ---------*----- ,  0.00,  1.00
#
 4,               rand15,  0.94,  0.37,                     |   -------------*- ,  0.00,  1.00
#
 5,                 base,  0.99,  0.00,                     |                  *,  0.00,  1.00
Starting ranking analysis...
Date : April 21, 2024
File : dtlz3
ML algo: lasso
Repeats : 20
Seed : 31210
Rows : 10000
Columns : 8
Calculating Best and Tiny...
Best : 0.0
Tiny : 0.09
base bonr9 opt9 rand9 bonr15 opt15 rand15 bonr20 opt20 rand20 rrp rrpDT rand358
Ranking Report:
#
 0,              rand358,  0.00,  0.00, *                   |                   ,  0.00,  1.00
#
 1,                  rrp,  0.00,  0.16, *-----              |                   ,  0.00,  1.00
#
 2,               opt 20,  0.01,  0.22, *--------           |                   ,  0.00,  1.00
 2,               rand15,  0.06,  0.15, --*---              |                   ,  0.00,  1.00
 2,               rand20,  0.14,  0.16,   ---*--            |                   ,  0.00,  1.00
 2,               bonr20,  0.14,  0.45, -----*------------  |                   ,  0.00,  1.00
 2,                rrpDT,  0.16,  0.16, ------*             |                   ,  0.00,  1.00
#
 3,                bonr9,  0.16,  0.40,   ----*-----------  |                   ,  0.00,  1.00
 3,               opt 15,  0.23,  0.39,   -------*--------  |                   ,  0.00,  1.00
 3,                rand9,  0.23,  0.33,      ----*--------  |                   ,  0.00,  1.00
#
 4,                opt 9,  0.43,  0.33,      ------------*  |                   ,  0.00,  1.00
 4,               bonr15,  0.43,  0.32,      ------------*  |                   ,  0.00,  1.00
#
 5,                 base,  0.59,  0.35,                   --|--*--------        ,  0.00,  1.00
Starting ranking analysis...
Date : April 21, 2024
File : dtlz3
ML algo: random_forest
Repeats : 20
Seed : 31210
Rows : 10000
Columns : 7
Calculating Best and Tiny...
Best : 0.0
Tiny : 0.05
base bonr9 opt9 rand9 bonr15 opt15 rand15 bonr20 opt20 rand20 rrp rrpDT rand358
Ranking Report:
#
 0,              rand358,  0.00,  0.00, *                   |                   ,  0.00,  1.00
#
 1,                rrpDT,  0.00,  0.07, *-                  |                   ,  0.00,  1.00
#
 2,               bonr20,  0.01,  0.03, *                   |                   ,  0.00,  1.00
 2,                  rrp,  0.01,  0.07, *-                  |                   ,  0.00,  1.00
 2,               bonr15,  0.01,  0.04, *                   |                   ,  0.00,  1.00
 2,               rand20,  0.02,  0.03, *                   |                   ,  0.00,  1.00
 2,               opt 20,  0.02,  0.03, *                   |                   ,  0.00,  1.00
 2,               rand15,  0.03,  0.07, -*-                 |                   ,  0.00,  1.00
 2,               opt 15,  0.04,  0.07, -*-                 |                   ,  0.00,  1.00
#
 3,                rand9,  0.04,  0.09, -*-                 |                   ,  0.00,  1.00
#
 4,                bonr9,  0.09,  0.10,  --*-               |                   ,  0.00,  1.00
 4,                opt 9,  0.10,  0.08,  --*                |                   ,  0.00,  1.00
#
 5,                 base,  0.22,  0.23,      ---*-----      |                   ,  0.00,  1.00
Starting ranking analysis...
Date : April 21, 2024
File : dtlz3
ML algo: ElasticNet
Repeats : 20
Seed : 31210
Rows : 10000
Columns : 8
Calculating Best and Tiny...
Best : 0.0
Tiny : 0.06
base bonr9 opt9 rand9 bonr15 opt15 rand15 bonr20 opt20 rand20 rrp rrpDT rand358
Ranking Report:
#
 0,              rand358,  0.00,  0.01, *                   |                   ,  0.00,  1.00
#
 1,                  rrp,  0.01,  0.09, *--                 |                   ,  0.00,  1.00
#
 2,                rrpDT,  0.09,  0.10, ---*                |                   ,  0.00,  1.00
#
 3,                rand9,  0.16,  0.33,     --*----------   |                   ,  0.00,  1.00
 3,               opt 20,  0.18,  0.27,    ----*------      |                   ,  0.00,  1.00
 3,               rand15,  0.21,  0.26,    -----*----       |                   ,  0.00,  1.00
 3,               bonr20,  0.23,  0.28,  --------*--        |                   ,  0.00,  1.00
 3,               opt 15,  0.25,  0.29,    -------*----     |                   ,  0.00,  1.00
 3,               rand20,  0.25,  0.13,       ----*-        |                   ,  0.00,  1.00
#
 4,               bonr15,  0.32,  0.32,    ---------*---    |                   ,  0.00,  1.00
 4,                opt 9,  0.37,  0.20,           ----*---  |                   ,  0.00,  1.00
 4,                bonr9,  0.40,  0.23,          -------*-- |                   ,  0.00,  1.00
#
 5,                 base,  0.54,  0.14,                    -|*---               ,  0.00,  1.00
Starting ranking analysis...
Date : April 21, 2024
File : dtlz3
ML algo: knn
Repeats : 20
Seed : 31210
Rows : 24000
Columns : 7
Calculating Best and Tiny...
Best : 0.0
Tiny : 0.09
base bonr9 opt9 rand9 bonr15 opt15 rand15 bonr20 opt20 rand20 rrp rrpDT rand358
Ranking Report:
#
 0,              rand358,  0.00,  0.00, *                   |                   ,  0.00,  1.00
#
 1,               bonr15,  0.01,  0.04, *                   |                   ,  0.00,  1.00
 1,               bonr20,  0.01,  0.01, *                   |                   ,  0.00,  1.00
 1,               opt 20,  0.01,  0.04, *                   |                   ,  0.00,  1.00
#
 2,               rand15,  0.02,  0.04, *                   |                   ,  0.00,  1.00
 2,               rand20,  0.02,  0.04, *                   |                   ,  0.00,  1.00
#
 3,                  rrp,  0.02,  0.04, *                   |                   ,  0.00,  1.00
#
 4,               opt 15,  0.02,  0.02, *                   |                   ,  0.00,  1.00
#
 5,                bonr9,  0.04,  0.04, -*                  |                   ,  0.00,  1.00
#
 6,                rand9,  0.04,  0.04, -*                  |                   ,  0.00,  1.00
 6,                rrpDT,  0.04,  0.04, -*                  |                   ,  0.00,  1.00
#
 7,                opt 9,  0.04,  0.05, -*                  |                   ,  0.00,  1.00
#
 8,                 base,  0.10,  0.22,   -*-------         |                   ,  0.00,  1.00
Starting ranking analysis...
Date : April 21, 2024
File : dtlz3
ML algo: decision tree
Repeats : 20
Seed : 31210
Rows : 10000
Columns : 8
Calculating Best and Tiny...
Best : 0.0
Tiny : 0.09
base bonr9 opt9 rand9 bonr15 opt15 rand15 bonr20 opt20 rand20 rrp rrpDT rand358
Ranking Report:
#
 0,              rand358,  0.02,  0.01, *                   |                   ,  0.00,  1.00
#
 1,                  rrp,  0.03,  0.02,  *                  |                   ,  0.00,  1.00
#
 2,               bonr20,  0.05,  0.04,  *-                 |                   ,  0.00,  1.00
 2,                rrpDT,  0.07,  0.05,  -*                 |                   ,  0.00,  1.00
 2,               opt 15,  0.07,  0.04,  -*                 |                   ,  0.00,  1.00
 2,                rand9,  0.07,  0.05,  -*                 |                   ,  0.00,  1.00
 2,               rand15,  0.07,  0.04,  -*                 |                   ,  0.00,  1.00
#
 3,               opt 20,  0.07,  0.04,  -*                 |                   ,  0.00,  1.00
 3,                bonr9,  0.07,  0.03,   *                 |                   ,  0.00,  1.00
 3,               rand20,  0.08,  0.02,   -*                |                   ,  0.00,  1.00
 3,               bonr15,  0.08,  0.04,  --*                |                   ,  0.00,  1.00
#
 4,                opt 9,  0.09,  0.08,   -*-               |                   ,  0.00,  1.00
#
 5,                 base,  0.27,  0.49,     ------*---------|---                ,  0.00,  1.00
Starting ranking analysis...
Date : April 21, 2024
File : dtlz4
ML algo: lasso
Repeats : 20
Seed : 31210
Rows : 10000
Columns : 8
Calculating Best and Tiny...
Best : 0.0
Tiny : 0.18
base bonr9 opt9 rand9 bonr15 opt15 rand15 bonr20 opt20 rand20 rrp rrpDT rand358
Ranking Report:
#
 0,                bonr9,  0.00,  0.00, *                   |                   ,  0.00,  1.00
 0,                rand9,  0.00,  0.00, *                   |                   ,  0.00,  1.00
 0,               bonr15,  0.00,  0.00, *                   |                   ,  0.00,  1.00
 0,               rand15,  0.00,  0.00, *                   |                   ,  0.00,  1.00
 0,               bonr20,  0.00,  0.00, *                   |                   ,  0.00,  1.00
 0,               rand20,  0.00,  0.00, *                   |                   ,  0.00,  1.00
 0,                  rrp,  0.00,  0.00, *                   |                   ,  0.00,  1.00
 0,                rrpDT,  0.00,  0.00, *                   |                   ,  0.00,  1.00
 0,              rand358,  0.00,  0.00, *                   |                   ,  0.00,  1.00
#
 1,                opt 9,  0.00,  0.00, *                   |                   ,  0.00,  1.00
 1,               opt 15,  0.00,  0.00, *                   |                   ,  0.00,  1.00
 1,               opt 20,  0.00,  0.00, *                   |                   ,  0.00,  1.00
#
 2,                 base,  1.00,  1.00, --------------------|------------------*,  0.00,  1.00
Starting ranking analysis...
Date : April 21, 2024
File : dtlz4
ML algo: random_forest
Repeats : 20
Seed : 31210
Rows : 10000
Columns : 7
Calculating Best and Tiny...
Best : 0.0
Tiny : 0.07
base bonr9 opt9 rand9 bonr15 opt15 rand15 bonr20 opt20 rand20 rrp rrpDT rand358
Ranking Report:
#
 0,              rand358,  0.02,  0.02, *                   |                   ,  0.00,  1.00
#
 1,                  rrp,  0.03,  0.04, -*                  |                   ,  0.00,  1.00
 1,                rrpDT,  0.05,  0.03,  *                  |                   ,  0.00,  1.00
#
 2,               opt 15,  0.08,  0.07,   -*                |                   ,  0.00,  1.00
 2,               bonr20,  0.08,  0.15,   -*----            |                   ,  0.00,  1.00
#
 3,               rand20,  0.08,  0.04,   -*                |                   ,  0.00,  1.00
 3,               opt 20,  0.08,  0.05,  --*                |                   ,  0.00,  1.00
#
 4,               rand15,  0.10,  0.04,    *-               |                   ,  0.00,  1.00
 4,               bonr15,  0.10,  0.12,   --*--             |                   ,  0.00,  1.00
#
 5,                rand9,  0.12,  0.10,    -*-              |                   ,  0.00,  1.00
 5,                opt 9,  0.12,  0.08,    -*-              |                   ,  0.00,  1.00
 5,                bonr9,  0.13,  0.12,    --*--            |                   ,  0.00,  1.00
#
 6,                 base,  0.49,  0.34,          ----------*|--                 ,  0.00,  1.00
Starting ranking analysis...
Date : April 21, 2024
File : dtlz4
ML algo: ElasticNet
Repeats : 20
Seed : 31210
Rows : 10000
Columns : 8
Calculating Best and Tiny...
Best : 0.0
Tiny : 0.16
base bonr9 opt9 rand9 bonr15 opt15 rand15 bonr20 opt20 rand20 rrp rrpDT rand358
Ranking Report:
#
 0,              rand358,  0.00,  0.00, *                   |                   ,  0.00,  1.00
 0,                  rrp,  0.00,  0.00, *                   |                   ,  0.00,  1.00
#
 1,                bonr9,  0.00,  0.00, *                   |                   ,  0.00,  1.00
 1,                rand9,  0.00,  0.00, *                   |                   ,  0.00,  1.00
 1,               bonr15,  0.00,  0.00, *                   |                   ,  0.00,  1.00
 1,               rand15,  0.00,  0.00, *                   |                   ,  0.00,  1.00
 1,               bonr20,  0.00,  0.00, *                   |                   ,  0.00,  1.00
 1,               rand20,  0.00,  0.00, *                   |                   ,  0.00,  1.00
 1,                rrpDT,  0.00,  0.00, *                   |                   ,  0.00,  1.00
 1,                opt 9,  0.00,  0.00, *                   |                   ,  0.00,  1.00
 1,               opt 15,  0.00,  0.00, *                   |                   ,  0.00,  1.00
 1,               opt 20,  0.00,  0.00, *                   |                   ,  0.00,  1.00
#
 2,                 base,  0.09,  1.00, ---*----------------|-------------------,  0.00,  1.00
Starting ranking analysis...
Date : April 21, 2024
File : dtlz4
ML algo: knn
Repeats : 20
Seed : 31210
Rows : 24000
Columns : 7
Calculating Best and Tiny...
Best : 0.0
Tiny : 0.09
base bonr9 opt9 rand9 bonr15 opt15 rand15 bonr20 opt20 rand20 rrp rrpDT rand358
Ranking Report:
#
 0,                  rrp,  0.00,  0.00, *                   |                   ,  0.00,  1.00
 0,                rrpDT,  0.00,  0.02, *                   |                   ,  0.00,  1.00
 0,              rand358,  0.00,  0.00, *                   |                   ,  0.00,  1.00
 0,               bonr15,  0.01,  0.03, *                   |                   ,  0.00,  1.00
 0,               rand15,  0.01,  0.03, *                   |                   ,  0.00,  1.00
 0,               bonr20,  0.01,  0.02, *                   |                   ,  0.00,  1.00
#
 1,               opt 15,  0.01,  0.03, *                   |                   ,  0.00,  1.00
 1,                bonr9,  0.02,  0.04, *                   |                   ,  0.00,  1.00
 1,                rand9,  0.02,  0.02, *                   |                   ,  0.00,  1.00
 1,               rand20,  0.02,  0.02, *                   |                   ,  0.00,  1.00
 1,               opt 20,  0.02,  0.03, *                   |                   ,  0.00,  1.00
 1,                opt 9,  0.03,  0.02, -*                  |                   ,  0.00,  1.00
#
 2,                 base,  0.31,  0.36,  -----------*---    |                   ,  0.00,  1.00
Starting ranking analysis...
Date : April 21, 2024
File : dtlz4
ML algo: decision tree
Repeats : 20
Seed : 31210
Rows : 10000
Columns : 8
Calculating Best and Tiny...
Best : 0.0
Tiny : 0.06
base bonr9 opt9 rand9 bonr15 opt15 rand15 bonr20 opt20 rand20 rrp rrpDT rand358
Ranking Report:
#
 0,              rand358,  0.09,  0.04,   -*                |                   ,  0.00,  1.00
#
 1,                  rrp,  0.18,  0.16,     ---*--          |                   ,  0.00,  1.00
 1,                rrpDT,  0.27,  0.20,       ----*---      |                   ,  0.00,  1.00
 1,               rand15,  0.32,  0.25,      -------*--     |                   ,  0.00,  1.00
#
 2,               opt 20,  0.36,  0.17,         ------*     |                   ,  0.00,  1.00
 2,               bonr20,  0.37,  0.13,           ----*     |                   ,  0.00,  1.00
 2,                bonr9,  0.39,  0.21,        --------*    |                   ,  0.00,  1.00
 2,                rand9,  0.39,  0.00,                *    |                   ,  0.00,  1.00
 2,               bonr15,  0.39,  0.06,              --*    |                   ,  0.00,  1.00
 2,               rand20,  0.39,  0.21,        --------*    |                   ,  0.00,  1.00
 2,                opt 9,  0.39,  0.07,              --*    |                   ,  0.00,  1.00
 2,               opt 15,  0.39,  0.15,          ------*    |                   ,  0.00,  1.00
#
 3,                 base,  0.75,  0.36,                -----|---------*         ,  0.00,  1.00
Starting ranking analysis...
Date : April 21, 2024
File : dtlz5
ML algo: lasso
Repeats : 20
Seed : 31210
Rows : 10000
Columns : 8
Calculating Best and Tiny...
Best : 0.0
Tiny : 0.18
base bonr9 opt9 rand9 bonr15 opt15 rand15 bonr20 opt20 rand20 rrp rrpDT rand358
Ranking Report:
#
 0,                bonr9,  0.00,  0.00, *                   |                   ,  0.00,  1.00
#
 1,                rand9,  0.00,  0.00, *                   |                   ,  0.00,  1.00
#
 2,               bonr15,  0.00,  0.00, *                   |                   ,  0.00,  1.00
#
 3,               rand15,  0.00,  0.00, *                   |                   ,  0.00,  1.00
#
 4,               bonr20,  0.00,  0.00, *                   |                   ,  0.00,  1.00
#
 5,               rand20,  0.00,  0.00, *                   |                   ,  0.00,  1.00
#
 6,                  rrp,  0.00,  0.00, *                   |                   ,  0.00,  1.00
#
 7,                rrpDT,  0.00,  0.00, *                   |                   ,  0.00,  1.00
#
 8,              rand358,  0.00,  0.00, *                   |                   ,  0.00,  1.00
#
 9,                 base,  0.00,  1.00, *-------------------|-------------------,  0.00,  1.00
#
10,                opt 9,  0.00,  0.00, *                   |                   ,  0.00,  1.00
10,               opt 15,  0.00,  0.00, *                   |                   ,  0.00,  1.00
10,               opt 20,  0.00,  0.00, *                   |                   ,  0.00,  1.00
Starting ranking analysis...
Date : April 21, 2024
File : dtlz5
ML algo: random_forest
Repeats : 20
Seed : 31210
Rows : 10000
Columns : 7
Calculating Best and Tiny...
Best : 0.0
Tiny : 0.04
base bonr9 opt9 rand9 bonr15 opt15 rand15 bonr20 opt20 rand20 rrp rrpDT rand358
Ranking Report:
#
 0,              rand358,  0.01,  0.01, *                   |                   ,  0.00,  1.00
#
 1,                  rrp,  0.03,  0.04, -*                  |                   ,  0.00,  1.00
 1,                rrpDT,  0.04,  0.09, -*-                 |                   ,  0.00,  1.00
#
 2,               bonr20,  0.05,  0.07,  -*                 |                   ,  0.00,  1.00
 2,               rand15,  0.05,  0.04,  -*                 |                   ,  0.00,  1.00
 2,               bonr15,  0.06,  0.03,  -*                 |                   ,  0.00,  1.00
 2,               opt 20,  0.07,  0.06,  -*-                |                   ,  0.00,  1.00
 2,               rand20,  0.07,  0.04,  -*                 |                   ,  0.00,  1.00
#
 3,               opt 15,  0.08,  0.06,   -*                |                   ,  0.00,  1.00
 3,                rand9,  0.09,  0.04,   -*                |                   ,  0.00,  1.00
 3,                bonr9,  0.09,  0.06,   -*                |                   ,  0.00,  1.00
 3,                opt 9,  0.11,  0.04,    -*               |                   ,  0.00,  1.00
#
 4,                 base,  0.21,  0.20,      ---*----       |                   ,  0.00,  1.00
Starting ranking analysis...
Date : April 21, 2024
File : dtlz5
ML algo: ElasticNet
Repeats : 20
Seed : 31210
Rows : 10000
Columns : 8
Calculating Best and Tiny...
Best : 0.0
Tiny : 0.13
base bonr9 opt9 rand9 bonr15 opt15 rand15 bonr20 opt20 rand20 rrp rrpDT rand358
Ranking Report:
#
 0,                  rrp,  0.02,  0.07, *--                 |                   ,  0.00,  1.00
 0,              rand358,  0.07,  0.04,  -*                 |                   ,  0.00,  1.00
#
 1,               bonr20,  0.21,  0.03,        -*           |                   ,  0.00,  1.00
 1,                rrpDT,  0.21,  0.14,    -----*           |                   ,  0.00,  1.00
#
 2,               opt 20,  0.21,  0.06,       --*           |                   ,  0.00,  1.00
 2,               rand15,  0.21,  0.01,         *           |                   ,  0.00,  1.00
#
 3,                bonr9,  0.22,  0.00,         *           |                   ,  0.00,  1.00
#
 4,                rand9,  0.22,  0.05,       --*           |                   ,  0.00,  1.00
#
 5,               bonr15,  0.22,  0.00,         *           |                   ,  0.00,  1.00
#
 6,               rand20,  0.22,  0.01,         *           |                   ,  0.00,  1.00
#
 7,                 base,  0.22,  0.78,         *-----------|-------------------,  0.00,  1.00
#
 8,                opt 9,  0.22,  0.00,         *           |                   ,  0.00,  1.00
 8,               opt 15,  0.22,  0.06,       --*           |                   ,  0.00,  1.00
Starting ranking analysis...
Date : April 21, 2024
File : dtlz5
ML algo: knn
Repeats : 20
Seed : 31210
Rows : 24000
Columns : 7
Calculating Best and Tiny...
Best : 0.0
Tiny : 0.09
base bonr9 opt9 rand9 bonr15 opt15 rand15 bonr20 opt20 rand20 rrp rrpDT rand358
Ranking Report:
#
 0,                  rrp,  0.00,  0.02, *                   |                   ,  0.00,  1.00
#
 1,              rand358,  0.00,  0.00, *                   |                   ,  0.00,  1.00
#
 2,               bonr20,  0.01,  0.02, *                   |                   ,  0.00,  1.00
 2,               rand20,  0.01,  0.01, *                   |                   ,  0.00,  1.00
 2,               bonr15,  0.01,  0.03, *                   |                   ,  0.00,  1.00
#
 3,               rand15,  0.01,  0.01, *                   |                   ,  0.00,  1.00
 3,               opt 20,  0.01,  0.01, *                   |                   ,  0.00,  1.00
 3,                rrpDT,  0.02,  0.02, *                   |                   ,  0.00,  1.00
 3,               opt 15,  0.02,  0.02, *                   |                   ,  0.00,  1.00
#
 4,                bonr9,  0.02,  0.02, *                   |                   ,  0.00,  1.00
 4,                rand9,  0.02,  0.01, *                   |                   ,  0.00,  1.00
 4,                opt 9,  0.02,  0.01, *                   |                   ,  0.00,  1.00
#
 5,                 base,  0.07,  0.17,  -*-----            |                   ,  0.00,  1.00
Starting ranking analysis...
Date : April 21, 2024
File : dtlz5
ML algo: decision tree
Repeats : 20
Seed : 31210
Rows : 10000
Columns : 8
Calculating Best and Tiny...
Best : 0.0
Tiny : 0.08
base bonr9 opt9 rand9 bonr15 opt15 rand15 bonr20 opt20 rand20 rrp rrpDT rand358
Ranking Report:
#
 0,              rand358,  0.03,  0.02, -*                  |                   ,  0.00,  1.00
 0,                  rrp,  0.04,  0.02,  *                  |                   ,  0.00,  1.00
#
 1,               bonr20,  0.07,  0.89,   *-----------------|-----------------  ,  0.00,  1.00
 1,               rand20,  0.09,  0.34,   -*-----------     |                   ,  0.00,  1.00
 1,                rrpDT,  0.15,  0.91,  ----*--------------|-----------------  ,  0.00,  1.00
 1,               bonr15,  0.18,  0.88,   -----*------------|----------------   ,  0.00,  1.00
 1,               opt 20,  0.30,  0.42,   ---------*------- |                   ,  0.00,  1.00
#
 2,               opt 15,  0.31,  0.91,   ----------*-------|-----------------  ,  0.00,  1.00
 2,               rand15,  0.36,  0.52,   ------------*-----|--                 ,  0.00,  1.00
 2,                bonr9,  0.48,  0.91,   -----------------*|-----------------  ,  0.00,  1.00
 2,                rand9,  0.48,  0.89,    ----------------*|-----------------  ,  0.00,  1.00
 2,                opt 9,  0.48,  0.87,     ---------------*|-----------------  ,  0.00,  1.00
#
 3,                 base,  0.98,  0.01,                     |                 -*,  0.00,  1.00
Starting ranking analysis...
Date : April 21, 2024
File : dtlz6
ML algo: lasso
Repeats : 20
Seed : 31210
Rows : 10000
Columns : 8
Calculating Best and Tiny...
Best : 0.0
Tiny : 0.17
base bonr9 opt9 rand9 bonr15 opt15 rand15 bonr20 opt20 rand20 rrp rrpDT rand358
Ranking Report:
#
 0,                bonr9,  0.00,  0.00, *                   |                   ,  0.00,  1.00
 0,                rand9,  0.00,  0.00, *                   |                   ,  0.00,  1.00
 0,               bonr15,  0.00,  0.00, *                   |                   ,  0.00,  1.00
 0,               rand15,  0.00,  0.00, *                   |                   ,  0.00,  1.00
 0,               bonr20,  0.00,  0.00, *                   |                   ,  0.00,  1.00
 0,               rand20,  0.00,  0.00, *                   |                   ,  0.00,  1.00
 0,                  rrp,  0.00,  0.00, *                   |                   ,  0.00,  1.00
 0,                rrpDT,  0.00,  0.00, *                   |                   ,  0.00,  1.00
 0,              rand358,  0.00,  0.00, *                   |                   ,  0.00,  1.00
 0,                 base,  0.00,  1.00, *-------------------|-------------------,  0.00,  1.00
 0,                opt 9,  0.00,  0.00, *                   |                   ,  0.00,  1.00
 0,               opt 15,  0.00,  0.00, *                   |                   ,  0.00,  1.00
 0,               opt 20,  0.00,  0.00, *                   |                   ,  0.00,  1.00
Starting ranking analysis...
Date : April 21, 2024
File : dtlz6
ML algo: random_forest
Repeats : 20
Seed : 31210
Rows : 10000
Columns : 7
Calculating Best and Tiny...
Best : 0.0
Tiny : 0.05
base bonr9 opt9 rand9 bonr15 opt15 rand15 bonr20 opt20 rand20 rrp rrpDT rand358
Ranking Report:
#
 0,              rand358,  0.01,  0.01, *                   |                   ,  0.00,  1.00
#
 1,                rrpDT,  0.01,  0.06, *-                  |                   ,  0.00,  1.00
 1,                  rrp,  0.02,  0.06, *-                  |                   ,  0.00,  1.00
#
 2,               rand15,  0.06,  0.09,  -*--               |                   ,  0.00,  1.00
#
 3,               rand20,  0.08,  0.05,  --*                |                   ,  0.00,  1.00
 3,               bonr20,  0.09,  0.10,  --*-               |                   ,  0.00,  1.00
 3,               opt 20,  0.09,  0.05,   -*                |                   ,  0.00,  1.00
 3,               bonr15,  0.09,  0.08,   -*-               |                   ,  0.00,  1.00
 3,               opt 15,  0.09,  0.09,  --*-               |                   ,  0.00,  1.00
#
 4,                rand9,  0.11,  0.05,    -*               |                   ,  0.00,  1.00
#
 5,                bonr9,  0.14,  0.05,     -*              |                   ,  0.00,  1.00
 5,                opt 9,  0.15,  0.09,    --*-             |                   ,  0.00,  1.00
#
 6,                 base,  0.33,  0.24,         -----*----  |                   ,  0.00,  1.00
Starting ranking analysis...
Date : April 21, 2024
File : dtlz6
ML algo: ElasticNet
Repeats : 20
Seed : 31210
Rows : 10000
Columns : 8
Calculating Best and Tiny...
Best : 0.0
Tiny : 0.09
base bonr9 opt9 rand9 bonr15 opt15 rand15 bonr20 opt20 rand20 rrp rrpDT rand358
Ranking Report:
#
 0,                  rrp,  0.09,  0.08,   -*-               |                   ,  0.00,  1.00
 0,              rand358,  0.10,  0.07,   --*               |                   ,  0.00,  1.00
#
 1,                rrpDT,  0.22,  0.14,      ---*--         |                   ,  0.00,  1.00
#
 2,               bonr20,  0.23,  0.21,      ----*---       |                   ,  0.00,  1.00
 2,               opt 20,  0.30,  0.14,        ----*-       |                   ,  0.00,  1.00
 2,               rand15,  0.31,  0.11,            -*--     |                   ,  0.00,  1.00
 2,               rand20,  0.33,  0.12,           ---*      |                   ,  0.00,  1.00
#
 3,               opt 15,  0.36,  0.08,             --*     |                   ,  0.00,  1.00
 3,                rand9,  0.37,  0.08,             --*     |                   ,  0.00,  1.00
 3,               bonr15,  0.38,  0.14,           -----*    |                   ,  0.00,  1.00
 3,                opt 9,  0.39,  0.05,               -*    |                   ,  0.00,  1.00
#
 4,                bonr9,  0.40,  0.05,               -*    |                   ,  0.00,  1.00
#
 5,                 base,  0.40,  0.52,                 *---|----------------   ,  0.00,  1.00
Starting ranking analysis...
Date : April 21, 2024
File : dtlz6
ML algo: knn
Repeats : 20
Seed : 31210
Rows : 24000
Columns : 7
Calculating Best and Tiny...
Best : 0.0
Tiny : 0.09
base bonr9 opt9 rand9 bonr15 opt15 rand15 bonr20 opt20 rand20 rrp rrpDT rand358
Ranking Report:
#
 0,                  rrp,  0.00,  0.02, *                   |                   ,  0.00,  1.00
 0,              rand358,  0.00,  0.00, *                   |                   ,  0.00,  1.00
 0,               rand20,  0.00,  0.02, *                   |                   ,  0.00,  1.00
 0,                rrpDT,  0.00,  0.00, *                   |                   ,  0.00,  1.00
 0,               bonr15,  0.01,  0.04, *                   |                   ,  0.00,  1.00
 0,               rand15,  0.01,  0.03, *                   |                   ,  0.00,  1.00
 0,               bonr20,  0.01,  0.03, *                   |                   ,  0.00,  1.00
#
 1,               opt 20,  0.01,  0.02, *                   |                   ,  0.00,  1.00
 1,                rand9,  0.02,  0.03, *                   |                   ,  0.00,  1.00
 1,                opt 9,  0.02,  0.03, *                   |                   ,  0.00,  1.00
 1,               opt 15,  0.02,  0.03, *                   |                   ,  0.00,  1.00
#
 2,                bonr9,  0.03,  0.06, -*                  |                   ,  0.00,  1.00
#
 3,                 base,  0.13,  0.17,   ---*---           |                   ,  0.00,  1.00
Starting ranking analysis...
Date : April 21, 2024
File : dtlz6
ML algo: decision tree
Repeats : 20
Seed : 31210
Rows : 10000
Columns : 8
Calculating Best and Tiny...
Best : 0.0
Tiny : 0.09
base bonr9 opt9 rand9 bonr15 opt15 rand15 bonr20 opt20 rand20 rrp rrpDT rand358
Ranking Report:
#
 0,              rand358,  0.01,  0.00, *                   |                   ,  0.00,  1.00
#
 1,                  rrp,  0.02,  0.07, *--                 |                   ,  0.00,  1.00
#
 2,                rrpDT,  0.15,  0.17, ------*             |                   ,  0.00,  1.00
 2,               rand15,  0.16,  0.27,   ----*-----        |                   ,  0.00,  1.00
#
 3,               opt 15,  0.19,  0.27,   -----*----        |                   ,  0.00,  1.00
 3,               rand20,  0.26,  0.29,  ---------*--       |                   ,  0.00,  1.00
 3,               opt 20,  0.26,  0.13,       ----*         |                   ,  0.00,  1.00
 3,               bonr15,  0.27,  0.39,    -------*-------  |                   ,  0.00,  1.00
 3,               bonr20,  0.29,  0.29,    --------*---     |                   ,  0.00,  1.00
#
 4,                rand9,  0.31,  0.09,           --*-      |                   ,  0.00,  1.00
 4,                bonr9,  0.32,  0.18,            -*-----  |                   ,  0.00,  1.00
 4,                opt 9,  0.32,  0.23,        -----*---    |                   ,  0.00,  1.00
#
 5,                 base,  0.74,  0.52,                   --|--------*--------- ,  0.00,  1.00
Starting ranking analysis...
Date : April 21, 2024
File : SS-K
ML algo: lasso
Repeats : 20
Seed : 31210
Rows : 10000
Columns : 8
Calculating Best and Tiny...
Best : 0.0
Tiny : 0.04
base bonr9 opt9 rand9 bonr15 opt15 rand15 bonr20 opt20 rand20 rrp rrpDT rand358
Ranking Report:
#
 0,              rand358,  0.05,  0.01,  -*                 |                   ,  0.00,  1.00
#
 1,                  rrp,  0.06,  0.01,  -*                 |                   ,  0.00,  1.00
 1,                rrpDT,  0.06,  0.01,   *                 |                   ,  0.00,  1.00
 1,               bonr20,  0.06,  0.01,   *                 |                   ,  0.00,  1.00
 1,               opt 15,  0.06,  0.01,   *                 |                   ,  0.00,  1.00
 1,               opt 20,  0.06,  0.00,   *                 |                   ,  0.00,  1.00
 1,               bonr15,  0.06,  0.01,   *                 |                   ,  0.00,  1.00
#
 2,               rand15,  0.06,  0.00,   *                 |                   ,  0.00,  1.00
 2,               rand20,  0.06,  0.00,   *                 |                   ,  0.00,  1.00
 2,                rand9,  0.06,  0.01,   *                 |                   ,  0.00,  1.00
 2,                opt 9,  0.07,  0.01,   *                 |                   ,  0.00,  1.00
 2,                bonr9,  0.07,  0.01,   *                 |                   ,  0.00,  1.00
#
 3,                 base,  0.17,  0.20,    ---*----         |                   ,  0.00,  1.00
Starting ranking analysis...
Date : April 21, 2024
File : SS-K
ML algo: random_forest
Repeats : 20
Seed : 31210
Rows : 10000
Columns : 7
Calculating Best and Tiny...
Best : 0.0
Tiny : 0.05
base bonr9 opt9 rand9 bonr15 opt15 rand15 bonr20 opt20 rand20 rrp rrpDT rand358
Ranking Report:
#
 0,              rand358,  0.00,  0.00, *                   |                   ,  0.00,  1.00
#
 1,                  rrp,  0.01,  0.01, *                   |                   ,  0.00,  1.00
 1,                rrpDT,  0.01,  0.02, *                   |                   ,  0.00,  1.00
#
 2,               rand20,  0.01,  0.04, *                   |                   ,  0.00,  1.00
 2,               bonr20,  0.02,  0.04, *                   |                   ,  0.00,  1.00
#
 3,               bonr15,  0.02,  0.04, *                   |                   ,  0.00,  1.00
 3,               opt 20,  0.02,  0.03, *                   |                   ,  0.00,  1.00
 3,               opt 15,  0.03,  0.04, -*                  |                   ,  0.00,  1.00
 3,                rand9,  0.03,  0.07, -*-                 |                   ,  0.00,  1.00
 3,               rand15,  0.03,  0.03, -*                  |                   ,  0.00,  1.00
#
 4,                bonr9,  0.04,  0.09, -*--                |                   ,  0.00,  1.00
 4,                opt 9,  0.04,  0.07, -*-                 |                   ,  0.00,  1.00
#
 5,                 base,  0.23,  0.22,     -----*---       |                   ,  0.00,  1.00
Starting ranking analysis...
Date : April 21, 2024
File : SS-K
ML algo: ElasticNet
Repeats : 20
Seed : 31210
Rows : 10000
Columns : 8
Calculating Best and Tiny...
Best : 0.0
Tiny : 0.08
base bonr9 opt9 rand9 bonr15 opt15 rand15 bonr20 opt20 rand20 rrp rrpDT rand358
Ranking Report:
#
 0,                  rrp,  0.00,  0.00, *                   |                   ,  0.00,  1.00
 0,              rand358,  0.00,  0.00, *                   |                   ,  0.00,  1.00
 0,                rrpDT,  0.01,  0.01, *                   |                   ,  0.00,  1.00
 0,               opt 20,  0.02,  0.02, *                   |                   ,  0.00,  1.00
 0,               rand15,  0.02,  0.04, *-                  |                   ,  0.00,  1.00
#
 1,               bonr20,  0.02,  0.02, *                   |                   ,  0.00,  1.00
 1,               rand20,  0.02,  0.03, *                   |                   ,  0.00,  1.00
 1,                rand9,  0.03,  0.04, -*                  |                   ,  0.00,  1.00
 1,                opt 9,  0.03,  0.04, -*                  |                   ,  0.00,  1.00
 1,               opt 15,  0.03,  0.03, -*                  |                   ,  0.00,  1.00
#
 2,               bonr15,  0.03,  0.03, -*                  |                   ,  0.00,  1.00
 2,                bonr9,  0.05,  0.17, -*-----             |                   ,  0.00,  1.00
#
 3,                 base,  0.28,  0.31,      ------*------  |                   ,  0.00,  1.00
Starting ranking analysis...
Date : April 21, 2024
File : SS-K
ML algo: knn
Repeats : 20
Seed : 31210
Rows : 24000
Columns : 7
Calculating Best and Tiny...
Best : 0.0
Tiny : 0.09
base bonr9 opt9 rand9 bonr15 opt15 rand15 bonr20 opt20 rand20 rrp rrpDT rand358
Ranking Report:
#
 0,              rand358,  0.00,  0.00, *                   |                   ,  0.00,  1.00
#
 1,                  rrp,  0.01,  0.04, *                   |                   ,  0.00,  1.00
 1,               bonr20,  0.02,  0.05, *                   |                   ,  0.00,  1.00
#
 2,               bonr15,  0.04,  0.05,  *-                 |                   ,  0.00,  1.00
 2,                rrpDT,  0.04,  0.09, -*--                |                   ,  0.00,  1.00
 2,               rand15,  0.05,  0.06, -*-                 |                   ,  0.00,  1.00
#
 3,               rand20,  0.05,  0.10, -*--                |                   ,  0.00,  1.00
 3,               opt 15,  0.05,  0.08,  -*-                |                   ,  0.00,  1.00
 3,               opt 20,  0.06,  0.10, --*-                |                   ,  0.00,  1.00
#
 4,                rand9,  0.11,  0.10,   --*-              |                   ,  0.00,  1.00
 4,                bonr9,  0.11,  0.12, ----*               |                   ,  0.00,  1.00
 4,                opt 9,  0.12,  0.09,    -*-              |                   ,  0.00,  1.00
#
 5,                 base,  0.35,  0.38,        ------*------|-                  ,  0.00,  1.00
Starting ranking analysis...
Date : April 21, 2024
File : SS-K
ML algo: decision tree
Repeats : 20
Seed : 31210
Rows : 10000
Columns : 8
Calculating Best and Tiny...
Best : 0.0
Tiny : 0.12
base bonr9 opt9 rand9 bonr15 opt15 rand15 bonr20 opt20 rand20 rrp rrpDT rand358
Ranking Report: 
#
 0,              rand358,  0.00,  0.00, *                   |                   ,  0.00,  1.00
 0,                  rrp,  0.00,  0.00, *                   |                   ,  0.00,  1.00
#
 1,                rrpDT,  0.01,  0.01, *                   |                   ,  0.00,  1.00
#
 2,               opt 20,  0.01,  0.01, *                   |                   ,  0.00,  1.00
 2,               bonr20,  0.01,  0.01, *                   |                   ,  0.00,  1.00
 2,               rand20,  0.01,  0.01, *                   |                   ,  0.00,  1.00
 2,               bonr15,  0.01,  0.02, *                   |                   ,  0.00,  1.00
 2,               rand15,  0.01,  0.01, *                   |                   ,  0.00,  1.00
#
 3,               opt 15,  0.02,  0.02, *                   |                   ,  0.00,  1.00
 3,                rand9,  0.02,  0.03, *                   |                   ,  0.00,  1.00
 3,                bonr9,  0.02,  0.07, *--                 |                   ,  0.00,  1.00
 3,                opt 9,  0.02,  0.03, *                   |                   ,  0.00,  1.00
#
 4,                 base,  0.17,  0.32,   ----*-------      |                   ,  0.00,  1.00